<?xml version="1.0" encoding="UTF-8"?>
<testng-results ignored="0" total="5" passed="5" failed="0" skipped="0">
  <reporter-output>
  </reporter-output>
  <suite started-at="2022-09-06T13:46:03 WIB" name="Suite" finished-at="2022-09-06T13:46:03 WIB" duration-ms="67">
    <groups>
    </groups>
    <test started-at="2022-09-06T13:46:03 WIB" name="Test" finished-at="2022-09-06T13:46:03 WIB" duration-ms="67">
      <class name="latihan.TestSorting">
        <test-method is-config="true" signature="beforeClass()[pri:0, instance:latihan.TestSorting@53fdffa1]" started-at="2022-09-06T13:46:03 WIB" name="beforeClass" finished-at="2022-09-06T13:46:03 WIB" duration-ms="8" status="PASS">
          <reporter-output>
          </reporter-output>
        </test-method> <!-- beforeClass -->
        <test-method signature="testSatu()[pri:0, instance:latihan.TestSorting@53fdffa1]" started-at="2022-09-06T13:46:03 WIB" name="testSatu" finished-at="2022-09-06T13:46:03 WIB" duration-ms="8" status="PASS">
          <reporter-output>
          </reporter-output>
        </test-method> <!-- testSatu -->
        <test-method is-config="true" signature="afterClass()[pri:0, instance:latihan.TestSorting@53fdffa1]" started-at="2022-09-06T13:46:03 WIB" name="afterClass" finished-at="2022-09-06T13:46:03 WIB" duration-ms="1" status="PASS">
          <reporter-output>
          </reporter-output>
        </test-method> <!-- afterClass -->
      </class> <!-- latihan.TestSorting -->
      <class name="ujian.ujiankedua.TestMatematika">
        <test-method is-config="true" signature="beforeClass()[pri:0, instance:ujian.ujiankedua.TestMatematika@4229bb3f]" started-at="2022-09-06T13:46:03 WIB" name="beforeClass" finished-at="2022-09-06T13:46:03 WIB" duration-ms="0" status="PASS">
          <reporter-output>
          </reporter-output>
        </test-method> <!-- beforeClass -->
        <test-method signature="tesJumlah()[pri:1, instance:ujian.ujiankedua.TestMatematika@4229bb3f]" started-at="2022-09-06T13:46:03 WIB" name="tesJumlah" finished-at="2022-09-06T13:46:03 WIB" duration-ms="1" status="PASS">
          <reporter-output>
          </reporter-output>
        </test-method> <!-- tesJumlah -->
        <test-method signature="tesKurang()[pri:2, instance:ujian.ujiankedua.TestMatematika@4229bb3f]" started-at="2022-09-06T13:46:03 WIB" name="tesKurang" finished-at="2022-09-06T13:46:03 WIB" duration-ms="1" status="PASS">
          <reporter-output>
          </reporter-output>
        </test-method> <!-- tesKurang -->
        <test-method signature="tesBagi()[pri:3, instance:ujian.ujiankedua.TestMatematika@4229bb3f]" started-at="2022-09-06T13:46:03 WIB" name="tesBagi" finished-at="2022-09-06T13:46:03 WIB" duration-ms="1" status="PASS">
          <reporter-output>
          </reporter-output>
        </test-method> <!-- tesBagi -->
        <test-method signature="tesModulus()[pri:4, instance:ujian.ujiankedua.TestMatematika@4229bb3f]" started-at="2022-09-06T13:46:03 WIB" name="tesModulus" finished-at="2022-09-06T13:46:03 WIB" duration-ms="1" status="PASS">
          <reporter-output>
          </reporter-output>
        </test-method> <!-- tesModulus -->
        <test-method is-config="true" signature="afterClass()[pri:0, instance:ujian.ujiankedua.TestMatematika@4229bb3f]" started-at="2022-09-06T13:46:03 WIB" name="afterClass" finished-at="2022-09-06T13:46:03 WIB" duration-ms="0" status="PASS">
          <reporter-output>
          </reporter-output>
        </test-method> <!-- afterClass -->
      </class> <!-- ujian.ujiankedua.TestMatematika -->
    </test> <!-- Test -->
  </suite> <!-- Suite -->
</testng-results>
