<?xml version="1.0" encoding="UTF-8"?>
<!-- Generated by org.testng.reporters.JUnitXMLReporter -->
<testsuite ignored="0" hostname="DESKTOP-C56VD1H" failures="0" tests="5" name="Test" time="0.092" errors="0" timestamp="2022-09-06T13:50:35 WIB">
  <testcase classname="latihan.TestSorting" name="testSatu" time="0.01"/>
  <testcase classname="ujian.ujiankedua.TestMatematika" name="tesJumlah" time="0.001"/>
  <testcase classname="ujian.ujiankedua.TestMatematika" name="tesKurang" time="0.001"/>
  <testcase classname="ujian.ujiankedua.TestMatematika" name="tesBagi" time="0.002"/>
  <testcase classname="ujian.ujiankedua.TestMatematika" name="tesModulus" time="0.002"/>
</testsuite> <!-- Test -->
