<?xml version="1.0" encoding="UTF-8"?>
<!-- Generated by org.testng.reporters.JUnitXMLReporter -->
<testsuite ignored="0" hostname="DESKTOP-C56VD1H" failures="0" tests="3" name="Default test" time="0.103" errors="0" timestamp="2022-09-05T18:47:17 WIB">
  <testcase classname="ujian.ujiankedua.TestGeometri" name="testLuasPersegi" time="0.012"/>
  <testcase classname="ujian.ujiankedua.TestGeometri" name="testLuasSegitiga" time="0.003"/>
  <testcase classname="ujian.ujiankedua.TestGeometri" name="testLuasTrapesium" time="0.001"/>
</testsuite> <!-- Default test -->
