<?xml version="1.0" encoding="UTF-8"?>
<!-- Generated by org.testng.reporters.JUnitXMLReporter -->
<testsuite ignored="0" hostname="DESKTOP-C56VD1H" failures="0" tests="6" name="Default test" time="92.741" errors="0" timestamp="2022-09-18T10:06:50 WIB">
  <testcase classname="ujian.ujiankeempat.nopcommerce.TestCommerce" name="testValidLogin" time="5.387"/>
  <testcase classname="ujian.ujiankeempat.nopcommerce.TestCommerce" name="testValidLoginUppercase" time="5.387"/>
  <testcase classname="ujian.ujiankeempat.nopcommerce.TestCommerce" name="testInvalidLogin" time="2.672"/>
  <testcase classname="ujian.ujiankeempat.nopcommerce.TestCommerce" name="testCustomer" time="11.172"/>
  <testcase classname="ujian.ujiankeempat.nopcommerce.TestCommerce" name="testProduct" time="15.175"/>
  <testcase classname="ujian.ujiankeempat.nopcommerce.TestCommerce" name="testPromotions" time="16.237"/>
</testsuite> <!-- Default test -->
